==107== Memcheck, a memory error detector
==107== Copyright (C) 2002-2017, and GNU GPL'd, by Julian Seward et al.
==107== Using Valgrind-3.15.0 and LibVEX; rerun with -h for copyright info
==107== Command: ./hsh
==107== Parent PID: 10
==107== 
==107== 
==107== HEAP SUMMARY:
==107==     in use at exit: 50 bytes in 2 blocks
==107==   total heap usage: 6 allocs, 4 frees, 34,944 bytes allocated
==107== 
==107== 20 bytes in 1 blocks are definitely lost in loss record 1 of 2
==107==    at 0x483B7F3: malloc (in /usr/lib/x86_64-linux-gnu/valgrind/vgpreload_memcheck-amd64-linux.so)
==107==    by 0x1094BD: update_argv (in /home/sanele-m/c-programming/alx_projects/simple_shell/hsh)
==107==    by 0x109479: check_command (in /home/sanele-m/c-programming/alx_projects/simple_shell/hsh)
==107==    by 0x10970F: main (in /home/sanele-m/c-programming/alx_projects/simple_shell/hsh)
==107== 
==107== LEAK SUMMARY:
==107==    definitely lost: 20 bytes in 1 blocks
==107==    indirectly lost: 0 bytes in 0 blocks
==107==      possibly lost: 0 bytes in 0 blocks
==107==    still reachable: 30 bytes in 1 blocks
==107==         suppressed: 0 bytes in 0 blocks
==107== Reachable blocks (those to which a pointer was found) are not shown.
==107== To see them, rerun with: --leak-check=full --show-leak-kinds=all
==107== 
==107== For lists of detected and suppressed errors, rerun with: -s
==107== ERROR SUMMARY: 1 errors from 1 contexts (suppressed: 0 from 0)
